<?xml version="1.0" encoding="UTF-8" ?>
<testsuite tests="15" failures="0" name="com.niit.colloboration_backend.ForumDAOTest" time="26.031" errors="0" skipped="14">
  <properties>
    <property name="java.runtime.name" value="Java(TM) SE Runtime Environment"/>
    <property name="sun.boot.library.path" value="C:\Program Files\Java\jdk1.8.0_131\jre\bin"/>
    <property name="java.vm.version" value="25.131-b11"/>
    <property name="java.vm.vendor" value="Oracle Corporation"/>
    <property name="maven.multiModuleProjectDirectory" value="C:\Users\User\Desktop\desktop\project2\colloboration_backend"/>
    <property name="java.vendor.url" value="http://java.oracle.com/"/>
    <property name="path.separator" value=";"/>
    <property name="guice.disable.misplaced.annotation.check" value="true"/>
    <property name="java.vm.name" value="Java HotSpot(TM) 64-Bit Server VM"/>
    <property name="file.encoding.pkg" value="sun.io"/>
    <property name="user.script" value=""/>
    <property name="user.country" value="US"/>
    <property name="sun.java.launcher" value="SUN_STANDARD"/>
    <property name="sun.os.patch.level" value=""/>
    <property name="java.vm.specification.name" value="Java Virtual Machine Specification"/>
    <property name="user.dir" value="C:\Users\User\Desktop\desktop\project2\colloboration_backend"/>
    <property name="java.runtime.version" value="1.8.0_131-b11"/>
    <property name="java.awt.graphicsenv" value="sun.awt.Win32GraphicsEnvironment"/>
    <property name="java.endorsed.dirs" value="C:\Program Files\Java\jdk1.8.0_131\jre\lib\endorsed"/>
    <property name="os.arch" value="amd64"/>
    <property name="java.io.tmpdir" value="C:\Users\User\AppData\Local\Temp\"/>
    <property name="line.separator" value="
"/>
    <property name="java.vm.specification.vendor" value="Oracle Corporation"/>
    <property name="user.variant" value=""/>
    <property name="os.name" value="Windows 10"/>
    <property name="classworlds.conf" value="C:\Users\User\Desktop\desktop\project2\.metadata\.plugins\org.eclipse.m2e.launching\launches\m2conf745293712416658019.tmp"/>
    <property name="sun.jnu.encoding" value="Cp1252"/>
    <property name="java.library.path" value="C:\Program Files\Java\jdk1.8.0_131\bin;C:\Windows\Sun\Java\bin;C:\Windows\system32;C:\Windows;C:/Program Files/Java/jre1.8.0_131/bin/server;C:/Program Files/Java/jre1.8.0_131/bin;C:/Program Files/Java/jre1.8.0_131/lib/amd64;C:\ProgramData\Oracle\Java\javapath;C:\Windows\system32;C:\Windows;C:\Windows\System32\Wbem;C:\Windows\System32\WindowsPowerShell\v1.0\;C:\Users\User\AppData\Local\GitHubDesktop\bin;C:\Users\User\Desktop;;."/>
    <property name="java.specification.name" value="Java Platform API Specification"/>
    <property name="java.class.version" value="52.0"/>
    <property name="sun.management.compiler" value="HotSpot 64-Bit Tiered Compilers"/>
    <property name="os.version" value="10.0"/>
    <property name="user.home" value="C:\Users\User"/>
    <property name="user.timezone" value="GMT-1200"/>
    <property name="java.awt.printerjob" value="sun.awt.windows.WPrinterJob"/>
    <property name="java.specification.version" value="1.8"/>
    <property name="file.encoding" value="Cp1252"/>
    <property name="user.name" value="User"/>
    <property name="java.class.path" value="/C:/Users/User/eclipse/eclipse/../../.p2/pool/plugins/org.eclipse.m2e.maven.runtime_1.7.0.20160603-1931/jars/plexus-classworlds-2.5.2.jar"/>
    <property name="java.vm.specification.version" value="1.8"/>
    <property name="sun.arch.data.model" value="64"/>
    <property name="java.home" value="C:\Program Files\Java\jdk1.8.0_131\jre"/>
    <property name="sun.java.command" value="org.codehaus.plexus.classworlds.launcher.Launcher -B install"/>
    <property name="java.specification.vendor" value="Oracle Corporation"/>
    <property name="user.language" value="en"/>
    <property name="awt.toolkit" value="sun.awt.windows.WToolkit"/>
    <property name="java.vm.info" value="mixed mode"/>
    <property name="java.version" value="1.8.0_131"/>
    <property name="java.ext.dirs" value="C:\Program Files\Java\jdk1.8.0_131\jre\lib\ext;C:\Windows\Sun\Java\lib\ext"/>
    <property name="sun.boot.class.path" value="C:\Program Files\Java\jdk1.8.0_131\jre\lib\resources.jar;C:\Program Files\Java\jdk1.8.0_131\jre\lib\rt.jar;C:\Program Files\Java\jdk1.8.0_131\jre\lib\sunrsasign.jar;C:\Program Files\Java\jdk1.8.0_131\jre\lib\jsse.jar;C:\Program Files\Java\jdk1.8.0_131\jre\lib\jce.jar;C:\Program Files\Java\jdk1.8.0_131\jre\lib\charsets.jar;C:\Program Files\Java\jdk1.8.0_131\jre\lib\jfr.jar;C:\Program Files\Java\jdk1.8.0_131\jre\classes"/>
    <property name="java.vendor" value="Oracle Corporation"/>
    <property name="maven.home" value="C:\Users\User\Desktop\desktop\project2\colloboration_backend\EMBEDDED"/>
    <property name="file.separator" value="\"/>
    <property name="java.vendor.url.bug" value="http://bugreport.sun.com/bugreport/"/>
    <property name="sun.cpu.endian" value="little"/>
    <property name="sun.io.unicode.encoding" value="UnicodeLittle"/>
    <property name="sun.desktop" value="windows"/>
    <property name="sun.cpu.isalist" value="amd64"/>
  </properties>
  <testcase classname="com.niit.colloboration_backend.ForumDAOTest" name="blockUserTest" time="2.12">
    <skipped/>
    <system-err>log4j:WARN No appenders could be found for logger (org.springframework.core.env.StandardEnvironment).
log4j:WARN Please initialize the log4j system properly.
</system-err>
  </testcase>
  <testcase classname="com.niit.colloboration_backend.ForumDAOTest" name="deleteForumCommentTest" time="2.12">
    <skipped/>
  </testcase>
  <testcase classname="com.niit.colloboration_backend.ForumDAOTest" name="deleteForumTest" time="2.135">
    <skipped/>
  </testcase>
  <testcase classname="com.niit.colloboration_backend.ForumDAOTest" name="updateForumCommentTest" time="2.135">
    <skipped/>
  </testcase>
  <testcase classname="com.niit.colloboration_backend.ForumDAOTest" name="updateForumTest" time="2.135">
    <skipped/>
  </testcase>
  <testcase classname="com.niit.colloboration_backend.ForumDAOTest" name="getForumCommentByForumidTest" time="2.135">
    <skipped/>
  </testcase>
  <testcase classname="com.niit.colloboration_backend.ForumDAOTest" name="getForumRequestTest" time="2.135">
    <skipped/>
  </testcase>
  <testcase classname="com.niit.colloboration_backend.ForumDAOTest" name="getAllForumTest" time="2.135">
    <skipped/>
  </testcase>
  <testcase classname="com.niit.colloboration_backend.ForumDAOTest" name="getForumCommentTest" time="2.135">
    <skipped/>
  </testcase>
  <testcase classname="com.niit.colloboration_backend.ForumDAOTest" name="acceptForumRequestTest" time="2.135">
    <skipped/>
  </testcase>
  <testcase classname="com.niit.colloboration_backend.ForumDAOTest" name="addForumRequestTest" time="2.135">
    <skipped/>
  </testcase>
  <testcase classname="com.niit.colloboration_backend.ForumDAOTest" name="getAllForumRequestTest" time="2.135">
    <skipped/>
  </testcase>
  <testcase classname="com.niit.colloboration_backend.ForumDAOTest" name="addForumTest" time="0.147"/>
  <testcase classname="com.niit.colloboration_backend.ForumDAOTest" name="getForumTest" time="0.147">
    <skipped/>
  </testcase>
  <testcase classname="com.niit.colloboration_backend.ForumDAOTest" name="addForumComment" time="0.147">
    <skipped/>
  </testcase>
</testsuite>